<?xml version="1.0" encoding="UTF-8"?>
<testsuite name="com.example.SimpleFactoryTesting.SimpleFactoryTest" tests="1" skipped="0" failures="0" errors="0" timestamp="2022-10-18T21:55:23" hostname="Delliuss-MacBook-Pro.local" time="0.533">
  <properties/>
  <testcase name="simpleFactoryTest()" classname="com.example.SimpleFactoryTesting.SimpleFactoryTest" time="0.533"/>
  <system-out><![CDATA[17:55:23.953 [Test worker] [?[34mINFO ?[0;39m] [?[36mc.e.S.I.Fruit$Type.<clinit>?[0;39m][99] |- [ACCESSORY, AGGREGATE, SIMPLE, MULTIPLE] 

{
	"name":"Peach"
	"price":"2.99"
	"type":"SIMPLE"
}


{
	"name":"Golden Apple"
	"price":"5.99"
	"type":"SIMPLE"
}


]]></system-out>
  <system-err><![CDATA[]]></system-err>
</testsuite>
